生成启动时间为 2019/3/1 19:07:42。
     1>项目“E:\c-code\深浅拷贝\深浅拷贝\深浅拷贝.vcxproj”在节点 2 上(Build 个目标)。
     1>ClCompile:
         C:\Program Files (x86)\Microsoft Visual Studio 12.0\VC\bin\CL.exe /c /ZI /nologo /W3 /WX- /sdl /Od /Oy- /D _UNICODE /D UNICODE /Gm /EHsc /RTC1 /MDd /GS /fp:precise /Zc:wchar_t /Zc:forScope /Fo"Debug\\" /Fd"Debug\vc120.pdb" /Gd /TP /analyze- /errorReport:prompt "源.cpp"
         源.cpp
       Link:
         C:\Program Files (x86)\Microsoft Visual Studio 12.0\VC\bin\link.exe /ERRORREPORT:PROMPT /OUT:"E:\c-code\深浅拷贝\Debug\深浅拷贝.exe" /INCREMENTAL /NOLOGO kernel32.lib user32.lib gdi32.lib winspool.lib comdlg32.lib advapi32.lib shell32.lib ole32.lib oleaut32.lib uuid.lib odbc32.lib odbccp32.lib /MANIFEST /MANIFESTUAC:"level='asInvoker' uiAccess='false'" /manifest:embed /DEBUG /PDB:"E:\c-code\深浅拷贝\Debug\深浅拷贝.pdb" /TLBID:1 /DYNAMICBASE /NXCOMPAT /IMPLIB:"E:\c-code\深浅拷贝\Debug\深浅拷贝.lib" /MACHINE:X86 "Debug\源.obj"
     1>源.obj : error LNK2019: 无法解析的外部符号 "public: __thiscall CExample::CExample(class CExample const &)" (??0CExample@@QAE@ABV0@@Z)，该符号在函数 _main 中被引用
     1>E:\c-code\深浅拷贝\Debug\深浅拷贝.exe : fatal error LNK1120: 1 个无法解析的外部命令
     1>已完成生成项目“E:\c-code\深浅拷贝\深浅拷贝\深浅拷贝.vcxproj”(Build 个目标)的操作 - 失败。

生成失败。

已用时间 00:00:01.86
